<?xml version="1.0" encoding="UTF-8"?>
<testng-results ignored="0" total="1" passed="1" failed="0" skipped="0">
  <reporter-output>
  </reporter-output>
  <suite started-at="2022-06-20T21:13:23 IST" name="Default suite" finished-at="2022-06-20T21:13:37 IST" duration-ms="13826">
    <groups>
    </groups>
    <test started-at="2022-06-20T21:13:23 IST" name="Default test" finished-at="2022-06-20T21:13:37 IST" duration-ms="13826">
      <class name="com.test.test_login">
        <test-method is-config="true" signature="setUp()[pri:0, instance:com.test.test_login@6580cfdd]" started-at="2022-06-20T21:13:23 IST" name="setUp" finished-at="2022-06-20T21:13:29 IST" duration-ms="5587" status="PASS">
          <reporter-output>
          </reporter-output>
        </test-method> <!-- setUp -->
        <test-method signature="test001()[pri:0, instance:com.test.test_login@6580cfdd]" started-at="2022-06-20T21:13:29 IST" name="test001" finished-at="2022-06-20T21:13:37 IST" duration-ms="8032" status="PASS">
          <reporter-output>
          </reporter-output>
        </test-method> <!-- test001 -->
        <test-method is-config="true" signature="threadown()[pri:0, instance:com.test.test_login@6580cfdd]" started-at="2022-06-20T21:13:37 IST" name="threadown" finished-at="2022-06-20T21:13:37 IST" duration-ms="130" status="PASS">
          <reporter-output>
          </reporter-output>
        </test-method> <!-- threadown -->
      </class> <!-- com.test.test_login -->
    </test> <!-- Default test -->
  </suite> <!-- Default suite -->
</testng-results>
